opencv/build/outputs/logs/manifest-merger-release-report.txt
-- Merging decision tree log ---
manifest
ADDED from opencv\java\AndroidManifest.xml:2:1-8:12
INJECTED from opencv\java\AndroidManifest.xml:2:1-8:12
INJECTED from opencv\java\AndroidManifest.xml:2:1-8:12
INJECTED from opencv\java\AndroidManifest.xml:2:1-8:12
INJECTED from opencv\java\AndroidManifest.xml:2:1-8:12
INJECTED from opencv\java\AndroidManifest.xml:2:1-8:12
INJECTED from opencv\java\AndroidManifest.xml:2:1-8:12
	package
		ADDED from opencv\java\AndroidManifest.xml:3:7-27
		INJECTED from opencv\java\AndroidManifest.xml
		INJECTED from opencv\java\AndroidManifest.xml
	android:versionName
		ADDED from opencv\java\AndroidManifest.xml:5:7-34
		INJECTED from opencv\java\AndroidManifest.xml
		INJECTED from opencv\java\AndroidManifest.xml
	xmlns:android
		ADDED from opencv\java\AndroidManifest.xml:2:11-69
	android:versionCode
		ADDED from opencv\java\AndroidManifest.xml:4:7-33
		INJECTED from opencv\java\AndroidManifest.xml
		INJECTED from opencv\java\AndroidManifest.xml
uses-sdk
INJECTED from opencv\java\AndroidManifest.xml reason: use-sdk injection requested
INJECTED from opencv\java\AndroidManifest.xml
INJECTED from opencv\java\AndroidManifest.xml
INJECTED from opencv\java\AndroidManifest.xml
INJECTED from opencv\java\AndroidManifest.xml
	android:targetSdkVersion
		INJECTED from opencv\java\AndroidManifest.xml
		ADDED from opencv\java\AndroidManifest.xml
		INJECTED from opencv\java\AndroidManifest.xml
	android:minSdkVersion
		INJECTED from opencv\java\AndroidManifest.xml
		ADDED from opencv\java\AndroidManifest.xml
		INJECTED from opencv\java\AndroidManifest.xml